[debug] [2022-07-14T17:32:39.371Z] ----------------------------------------------------------------------
[debug] [2022-07-14T17:32:39.373Z] Command:       C:\Program Files\nodejs\node.exe C:\Users\phcod\AppData\Roaming\npm\node_modules\firebase-tools\lib\bin\firebase.js emulators:start
[debug] [2022-07-14T17:32:39.373Z] CLI Version:   9.16.5
[debug] [2022-07-14T17:32:39.374Z] Platform:      win32
[debug] [2022-07-14T17:32:39.374Z] Node Version:  v14.17.3
[debug] [2022-07-14T17:32:39.375Z] Time:          Thu Jul 14 2022 14:32:39 GMT-0300 (Horário Padrão de Brasília)
[debug] [2022-07-14T17:32:39.375Z] ----------------------------------------------------------------------
[debug] 
[debug] [2022-07-14T17:32:39.442Z] > command requires scopes: ["email","openid","https://www.googleapis.com/auth/cloudplatformprojects.readonly","https://www.googleapis.com/auth/firebase","https://www.googleapis.com/auth/cloud-platform"]
[debug] [2022-07-14T17:32:39.442Z] > authorizing via signed-in user (paulooliveiradev@gmail.com)
[info] i  emulators: Starting emulators: auth, functions, firestore, database, storage {"metadata":{"emulator":{"name":"hub"},"message":"Starting emulators: auth, functions, firestore, database, storage"}}
[debug] [2022-07-14T17:32:39.474Z] [hub] writing locator at C:\Users\phcod\AppData\Local\Temp\hub-workshop-pop.json
[warn] !  functions: The following emulators are not running, calls to these services from the Functions emulator will affect production: hosting, pubsub {"metadata":{"emulator":{"name":"functions"},"message":"The following emulators are not running, calls to these services from the Functions emulator will affect production: \u001b[1mhosting, pubsub\u001b[22m"}}
[info] +  functions: Using node@14 from host. {"metadata":{"emulator":{"name":"functions"},"message":"Using node@14 from host."}}
[debug] [2022-07-14T17:32:39.507Z] defaultcredentials: writing to file C:\Users\phcod\AppData\Roaming\firebase\paulooliveiradev_gmail_com_application_default_credentials.json
[debug] [2022-07-14T17:32:39.510Z] Setting GAC to C:\Users\phcod\AppData\Roaming\firebase\paulooliveiradev_gmail_com_application_default_credentials.json {"metadata":{"emulator":{"name":"functions"},"message":"Setting GAC to C:\\Users\\phcod\\AppData\\Roaming\\firebase\\paulooliveiradev_gmail_com_application_default_credentials.json"}}
[debug] [2022-07-14T17:32:39.513Z] >>> [apiv2][query] GET https://firebase.googleapis.com/v1beta1/projects/workshop-pop/adminSdkConfig [none]
[debug] [2022-07-14T17:32:39.926Z] <<< [apiv2][status] GET https://firebase.googleapis.com/v1beta1/projects/workshop-pop/adminSdkConfig 200
[debug] [2022-07-14T17:32:39.926Z] <<< [apiv2][body] GET https://firebase.googleapis.com/v1beta1/projects/workshop-pop/adminSdkConfig {"projectId":"workshop-pop","databaseURL":"https://workshop-pop-default-rtdb.firebaseio.com","storageBucket":"workshop-pop.appspot.com","locationId":"southamerica-east1"}
[debug] [2022-07-14T17:32:39.937Z] Ignoring unsupported arg: projectId {"metadata":{"emulator":{"name":"firestore"},"message":"Ignoring unsupported arg: projectId"}}
[debug] [2022-07-14T17:32:39.938Z] Ignoring unsupported arg: auto_download {"metadata":{"emulator":{"name":"firestore"},"message":"Ignoring unsupported arg: auto_download"}}
[debug] [2022-07-14T17:32:39.938Z] Starting Firestore Emulator with command {"binary":"java","args":["-Dgoogle.cloud_firestore.debug_log_level=FINE","-Duser.language=en","-jar","C:\\Users\\phcod\\.cache\\firebase\\emulators\\cloud-firestore-emulator-v1.13.1.jar","--host","localhost","--port",8080,"--rules","C:\\Users\\phcod\\Documents\\Estudos\\firebase\\workshop-firebase\\firestore.rules","--functions_emulator","localhost:5001"],"optionalArgs":["port","webchannel_port","host","rules","functions_emulator","seed_from_export"],"joinArgs":false} {"metadata":{"emulator":{"name":"firestore"},"message":"Starting Firestore Emulator with command {\"binary\":\"java\",\"args\":[\"-Dgoogle.cloud_firestore.debug_log_level=FINE\",\"-Duser.language=en\",\"-jar\",\"C:\\\\Users\\\\phcod\\\\.cache\\\\firebase\\\\emulators\\\\cloud-firestore-emulator-v1.13.1.jar\",\"--host\",\"localhost\",\"--port\",8080,\"--rules\",\"C:\\\\Users\\\\phcod\\\\Documents\\\\Estudos\\\\firebase\\\\workshop-firebase\\\\firestore.rules\",\"--functions_emulator\",\"localhost:5001\"],\"optionalArgs\":[\"port\",\"webchannel_port\",\"host\",\"rules\",\"functions_emulator\",\"seed_from_export\"],\"joinArgs\":false}"}}
[info] i  firestore: Firestore Emulator logging to firestore-debug.log {"metadata":{"emulator":{"name":"firestore"},"message":"Firestore Emulator logging to \u001b[1mfirestore-debug.log\u001b[22m"}}
[debug] [2022-07-14T17:32:42.129Z] Jul 14, 2022 2:32:42 PM com.google.cloud.datastore.emulator.firestore.websocket.WebSocketServer start
INFO: Started WebSocket server on ws://localhost:55713
 {"metadata":{"emulator":{"name":"firestore"},"message":"Jul 14, 2022 2:32:42 PM com.google.cloud.datastore.emulator.firestore.websocket.WebSocketServer start\r\nINFO: Started WebSocket server on ws://localhost:55713\r\n"}}
[debug] [2022-07-14T17:32:42.167Z] API endpoint: http://localhost:8080
If you are using a library that supports the FIRESTORE_EMULATOR_HOST environment variable, run: {"metadata":{"emulator":{"name":"firestore"},"message":"API endpoint: http://localhost:8080\nIf you are using a library that supports the FIRESTORE_EMULATOR_HOST environment variable, run:"}}
[debug] [2022-07-14T17:32:42.167Z] 

   export FIRESTORE_EMULATOR_HOST=localhost:8080

Dev App Server is now running.

 {"metadata":{"emulator":{"name":"firestore"},"message":"\r\n\n   export FIRESTORE_EMULATOR_HOST=localhost:8080\n\nDev App Server is now running.\n\r\n"}}
[debug] [2022-07-14T17:32:42.282Z] >>> [apiv2][query] GET https://firebase.googleapis.com/v1beta1/projects/workshop-pop [none]
[debug] [2022-07-14T17:32:43.428Z] <<< [apiv2][status] GET https://firebase.googleapis.com/v1beta1/projects/workshop-pop 200
[debug] [2022-07-14T17:32:43.428Z] <<< [apiv2][body] GET https://firebase.googleapis.com/v1beta1/projects/workshop-pop {"projectId":"workshop-pop","projectNumber":"525278010711","displayName":"workshop-pop","name":"projects/workshop-pop","resources":{"hostingSite":"workshop-pop","realtimeDatabaseInstance":"workshop-pop-default-rtdb","storageBucket":"workshop-pop.appspot.com","locationId":"southamerica-east1"},"state":"ACTIVE"}
[debug] [2022-07-14T17:32:43.429Z] database rules config:  [{"instance":"workshop-pop-default-rtdb","rules":"C:\\Users\\phcod\\Documents\\Estudos\\firebase\\workshop-firebase\\database.rules.json"}]
[debug] [2022-07-14T17:32:43.431Z] Ignoring unsupported arg: projectId {"metadata":{"emulator":{"name":"database"},"message":"Ignoring unsupported arg: projectId"}}
[debug] [2022-07-14T17:32:43.431Z] Ignoring unsupported arg: auto_download {"metadata":{"emulator":{"name":"database"},"message":"Ignoring unsupported arg: auto_download"}}
[debug] [2022-07-14T17:32:43.431Z] Ignoring unsupported arg: rules {"metadata":{"emulator":{"name":"database"},"message":"Ignoring unsupported arg: rules"}}
[debug] [2022-07-14T17:32:43.432Z] Starting Database Emulator with command {"binary":"java","args":["-Duser.language=en","-jar","C:\\Users\\phcod\\.cache\\firebase\\emulators\\firebase-database-emulator-v4.7.2.jar","--host","localhost","--port",9000,"--functions_emulator_host","localhost","--functions_emulator_port",5001],"optionalArgs":["port","host","functions_emulator_port","functions_emulator_host"],"joinArgs":false} {"metadata":{"emulator":{"name":"database"},"message":"Starting Database Emulator with command {\"binary\":\"java\",\"args\":[\"-Duser.language=en\",\"-jar\",\"C:\\\\Users\\\\phcod\\\\.cache\\\\firebase\\\\emulators\\\\firebase-database-emulator-v4.7.2.jar\",\"--host\",\"localhost\",\"--port\",9000,\"--functions_emulator_host\",\"localhost\",\"--functions_emulator_port\",5001],\"optionalArgs\":[\"port\",\"host\",\"functions_emulator_port\",\"functions_emulator_host\"],\"joinArgs\":false}"}}
[info] i  database: Database Emulator logging to database-debug.log {"metadata":{"emulator":{"name":"database"},"message":"Database Emulator logging to \u001b[1mdatabase-debug.log\u001b[22m"}}
[debug] [2022-07-14T17:32:45.587Z] 14:32:45.585 [NamespaceSystem-akka.actor.default-dispatcher-5] INFO akka.event.slf4j.Slf4jLogger - Slf4jLogger started
 {"metadata":{"emulator":{"name":"database"},"message":"14:32:45.585 [NamespaceSystem-akka.actor.default-dispatcher-5] INFO akka.event.slf4j.Slf4jLogger - Slf4jLogger started\r\n"}}
[debug] [2022-07-14T17:32:45.815Z] 14:32:45.815 [main] INFO com.firebase.server.forge.App$ - Listening at localhost:9000
 {"metadata":{"emulator":{"name":"database"},"message":"14:32:45.815 [main] INFO com.firebase.server.forge.App$ - Listening at localhost:9000\r\n"}}
[debug] [2022-07-14T17:32:48.818Z] Ignoring unsupported arg: port {"metadata":{"emulator":{"name":"storage"},"message":"Ignoring unsupported arg: port"}}
[debug] [2022-07-14T17:32:49.045Z] Temp file directory for storage emulator: C:\Users\phcod\AppData\Local\Temp/firebase/storage/blobs {"metadata":{"emulator":{"name":"storage"},"message":"Temp file directory for storage emulator: C:\\Users\\phcod\\AppData\\Local\\Temp/firebase/storage/blobs"}}
[debug] [2022-07-14T17:32:49.922Z] Ignoring unsupported arg: auto_download {"metadata":{"emulator":{"name":"ui"},"message":"Ignoring unsupported arg: auto_download"}}
[debug] [2022-07-14T17:32:49.923Z] Ignoring unsupported arg: port {"metadata":{"emulator":{"name":"ui"},"message":"Ignoring unsupported arg: port"}}
[debug] [2022-07-14T17:32:49.923Z] Starting Emulator UI with command {"binary":"node","args":["C:\\Users\\phcod\\.cache\\firebase\\emulators\\ui-v1.6.2\\server.bundle.js"],"optionalArgs":[],"joinArgs":false} {"metadata":{"emulator":{"name":"ui"},"message":"Starting Emulator UI with command {\"binary\":\"node\",\"args\":[\"C:\\\\Users\\\\phcod\\\\.cache\\\\firebase\\\\emulators\\\\ui-v1.6.2\\\\server.bundle.js\"],\"optionalArgs\":[],\"joinArgs\":false}"}}
[info] i  ui: Emulator UI logging to ui-debug.log {"metadata":{"emulator":{"name":"ui"},"message":"Emulator UI logging to \u001b[1mui-debug.log\u001b[22m"}}
[debug] [2022-07-14T17:32:50.098Z] Web / API server started at localhost:4000
 {"metadata":{"emulator":{"name":"ui"},"message":"Web / API server started at localhost:4000\n"}}
[info] i  functions: Watching "C:\Users\phcod\Documents\Estudos\firebase\workshop-firebase\functions" for Cloud Functions... {"metadata":{"emulator":{"name":"functions"},"message":"Watching \"C:\\Users\\phcod\\Documents\\Estudos\\firebase\\workshop-firebase\\functions\" for Cloud Functions..."}}
[debug] [2022-07-14T17:32:50.205Z] [worker-pool] addWorker(~diagnostic~) {"metadata":{"emulator":{"name":"functions"},"message":"[worker-pool] addWorker(~diagnostic~)"}}
[debug] [2022-07-14T17:32:50.205Z] [worker-pool] Adding worker with key ~diagnostic~, total=1 {"metadata":{"emulator":{"name":"functions"},"message":"[worker-pool] Adding worker with key ~diagnostic~, total=1"}}
[debug] [2022-07-14T17:32:50.205Z] [worker-pool] submitWork(triggerId=) {"metadata":{"emulator":{"name":"functions"},"message":"[worker-pool] submitWork(triggerId=)"}}
[debug] [2022-07-14T17:32:50.206Z] [worker-~diagnostic~-45e7cb3b-221d-4c76-91dc-6ec83b1effb4]: Assigning socketPath: \\?\pipe\C:\Users\phcod\Documents\Estudos\firebase\workshop-firebase\functions\16476 {"metadata":{"emulator":{"name":"functions"},"message":"[worker-~diagnostic~-45e7cb3b-221d-4c76-91dc-6ec83b1effb4]: Assigning socketPath: \\\\?\\pipe\\C:\\Users\\phcod\\Documents\\Estudos\\firebase\\workshop-firebase\\functions\\16476"}}
[debug] [2022-07-14T17:32:50.207Z] [worker-~diagnostic~-45e7cb3b-221d-4c76-91dc-6ec83b1effb4]: BUSY {"metadata":{"emulator":{"name":"functions"},"message":"[worker-~diagnostic~-45e7cb3b-221d-4c76-91dc-6ec83b1effb4]: BUSY"}}
[debug] [2022-07-14T17:32:50.647Z] [runtime-status] [16476] Functions runtime initialized. {"cwd":"C:\\Users\\phcod\\Documents\\Estudos\\firebase\\workshop-firebase\\functions","node_version":"14.17.3"} {"metadata":{"emulator":{"name":"functions"},"message":"[runtime-status] [16476] Functions runtime initialized. {\"cwd\":\"C:\\\\Users\\\\phcod\\\\Documents\\\\Estudos\\\\firebase\\\\workshop-firebase\\\\functions\",\"node_version\":\"14.17.3\"}"}}
[debug] [2022-07-14T17:32:50.651Z] [runtime-status] [16476] Disabled runtime features: undefined {"metadata":{"emulator":{"name":"functions"},"message":"[runtime-status] [16476] Disabled runtime features: undefined"}}
[debug] [2022-07-14T17:32:50.655Z] [runtime-status] [16476] Resolved module firebase-admin {"declared":true,"installed":true,"version":"9.12.0","resolution":"C:\\Users\\phcod\\Documents\\Estudos\\firebase\\workshop-firebase\\functions\\node_modules\\firebase-admin\\lib\\index.js"} {"metadata":{"emulator":{"name":"functions"},"message":"[runtime-status] [16476] Resolved module firebase-admin {\"declared\":true,\"installed\":true,\"version\":\"9.12.0\",\"resolution\":\"C:\\\\Users\\\\phcod\\\\Documents\\\\Estudos\\\\firebase\\\\workshop-firebase\\\\functions\\\\node_modules\\\\firebase-admin\\\\lib\\\\index.js\"}"}}
[debug] [2022-07-14T17:32:50.661Z] [runtime-status] [16476] Resolved module firebase-functions {"declared":true,"installed":true,"version":"3.22.0","resolution":"C:\\Users\\phcod\\Documents\\Estudos\\firebase\\workshop-firebase\\functions\\node_modules\\firebase-functions\\lib\\index.js"} {"metadata":{"emulator":{"name":"functions"},"message":"[runtime-status] [16476] Resolved module firebase-functions {\"declared\":true,\"installed\":true,\"version\":\"3.22.0\",\"resolution\":\"C:\\\\Users\\\\phcod\\\\Documents\\\\Estudos\\\\firebase\\\\workshop-firebase\\\\functions\\\\node_modules\\\\firebase-functions\\\\lib\\\\index.js\"}"}}
[debug] [2022-07-14T17:32:50.664Z] [runtime-status] [16476] Resolved module firebase-functions {"declared":true,"installed":true,"version":"3.22.0","resolution":"C:\\Users\\phcod\\Documents\\Estudos\\firebase\\workshop-firebase\\functions\\node_modules\\firebase-functions\\lib\\index.js"} {"metadata":{"emulator":{"name":"functions"},"message":"[runtime-status] [16476] Resolved module firebase-functions {\"declared\":true,\"installed\":true,\"version\":\"3.22.0\",\"resolution\":\"C:\\\\Users\\\\phcod\\\\Documents\\\\Estudos\\\\firebase\\\\workshop-firebase\\\\functions\\\\node_modules\\\\firebase-functions\\\\lib\\\\index.js\"}"}}
[debug] [2022-07-14T17:32:50.666Z] [runtime-status] [16476] Outgoing network have been stubbed. [{"name":"http","status":"mocked"},{"name":"http","status":"mocked"},{"name":"https","status":"mocked"},{"name":"https","status":"mocked"},{"name":"net","status":"mocked"}] {"metadata":{"emulator":{"name":"functions"},"message":"[runtime-status] [16476] Outgoing network have been stubbed. [{\"name\":\"http\",\"status\":\"mocked\"},{\"name\":\"http\",\"status\":\"mocked\"},{\"name\":\"https\",\"status\":\"mocked\"},{\"name\":\"https\",\"status\":\"mocked\"},{\"name\":\"net\",\"status\":\"mocked\"}]"}}
[debug] [2022-07-14T17:32:50.667Z] [runtime-status] [16476] Resolved module firebase-functions {"declared":true,"installed":true,"version":"3.22.0","resolution":"C:\\Users\\phcod\\Documents\\Estudos\\firebase\\workshop-firebase\\functions\\node_modules\\firebase-functions\\lib\\index.js"} {"metadata":{"emulator":{"name":"functions"},"message":"[runtime-status] [16476] Resolved module firebase-functions {\"declared\":true,\"installed\":true,\"version\":\"3.22.0\",\"resolution\":\"C:\\\\Users\\\\phcod\\\\Documents\\\\Estudos\\\\firebase\\\\workshop-firebase\\\\functions\\\\node_modules\\\\firebase-functions\\\\lib\\\\index.js\"}"}}
[debug] [2022-07-14T17:32:50.727Z] [runtime-status] [16476] Checked functions.config() {"config":{}} {"metadata":{"emulator":{"name":"functions"},"message":"[runtime-status] [16476] Checked functions.config() {\"config\":{}}"}}
[debug] [2022-07-14T17:32:50.728Z] [runtime-status] [16476] firebase-functions has been stubbed. {"functionsResolution":{"declared":true,"installed":true,"version":"3.22.0","resolution":"C:\\Users\\phcod\\Documents\\Estudos\\firebase\\workshop-firebase\\functions\\node_modules\\firebase-functions\\lib\\index.js"}} {"metadata":{"emulator":{"name":"functions"},"message":"[runtime-status] [16476] firebase-functions has been stubbed. {\"functionsResolution\":{\"declared\":true,\"installed\":true,\"version\":\"3.22.0\",\"resolution\":\"C:\\\\Users\\\\phcod\\\\Documents\\\\Estudos\\\\firebase\\\\workshop-firebase\\\\functions\\\\node_modules\\\\firebase-functions\\\\lib\\\\index.js\"}}"}}
[debug] [2022-07-14T17:32:50.728Z] [runtime-status] [16476] Resolved module firebase-functions {"declared":true,"installed":true,"version":"3.22.0","resolution":"C:\\Users\\phcod\\Documents\\Estudos\\firebase\\workshop-firebase\\functions\\node_modules\\firebase-functions\\lib\\index.js"} {"metadata":{"emulator":{"name":"functions"},"message":"[runtime-status] [16476] Resolved module firebase-functions {\"declared\":true,\"installed\":true,\"version\":\"3.22.0\",\"resolution\":\"C:\\\\Users\\\\phcod\\\\Documents\\\\Estudos\\\\firebase\\\\workshop-firebase\\\\functions\\\\node_modules\\\\firebase-functions\\\\lib\\\\index.js\"}"}}
[debug] [2022-07-14T17:32:50.730Z] [runtime-status] [16476] Resolved module firebase-admin {"declared":true,"installed":true,"version":"9.12.0","resolution":"C:\\Users\\phcod\\Documents\\Estudos\\firebase\\workshop-firebase\\functions\\node_modules\\firebase-admin\\lib\\index.js"} {"metadata":{"emulator":{"name":"functions"},"message":"[runtime-status] [16476] Resolved module firebase-admin {\"declared\":true,\"installed\":true,\"version\":\"9.12.0\",\"resolution\":\"C:\\\\Users\\\\phcod\\\\Documents\\\\Estudos\\\\firebase\\\\workshop-firebase\\\\functions\\\\node_modules\\\\firebase-admin\\\\lib\\\\index.js\"}"}}
[debug] [2022-07-14T17:32:50.731Z] [runtime-status] [16476] Resolved module firebase-functions {"declared":true,"installed":true,"version":"3.22.0","resolution":"C:\\Users\\phcod\\Documents\\Estudos\\firebase\\workshop-firebase\\functions\\node_modules\\firebase-functions\\lib\\index.js"} {"metadata":{"emulator":{"name":"functions"},"message":"[runtime-status] [16476] Resolved module firebase-functions {\"declared\":true,\"installed\":true,\"version\":\"3.22.0\",\"resolution\":\"C:\\\\Users\\\\phcod\\\\Documents\\\\Estudos\\\\firebase\\\\workshop-firebase\\\\functions\\\\node_modules\\\\firebase-functions\\\\lib\\\\index.js\"}"}}
[debug] [2022-07-14T17:32:50.731Z] [runtime-status] [16476] firebase-admin has been stubbed. {"adminResolution":{"declared":true,"installed":true,"version":"9.12.0","resolution":"C:\\Users\\phcod\\Documents\\Estudos\\firebase\\workshop-firebase\\functions\\node_modules\\firebase-admin\\lib\\index.js"}} {"metadata":{"emulator":{"name":"functions"},"message":"[runtime-status] [16476] firebase-admin has been stubbed. {\"adminResolution\":{\"declared\":true,\"installed\":true,\"version\":\"9.12.0\",\"resolution\":\"C:\\\\Users\\\\phcod\\\\Documents\\\\Estudos\\\\firebase\\\\workshop-firebase\\\\functions\\\\node_modules\\\\firebase-admin\\\\lib\\\\index.js\"}}"}}
[info] +  functions[us-central1-helloWorld]: http function initialized (http://localhost:5001/workshop-pop/us-central1/helloWorld). {"metadata":{"emulator":{"name":"functions"},"message":"\u001b[1mhttp\u001b[22m function initialized (http://localhost:5001/workshop-pop/us-central1/helloWorld)."}}
[debug] [2022-07-14T17:32:50.741Z] >>> HTTP REQUEST PUT http://localhost:9000/.settings/rules.json?ns=workshop-pop-default-rtdb  
 {
  /* Visit https://firebase.google.com/docs/database/security to learn more about security rules. */
  "rules": {
    ".read": false,
    ".write": false
  }
}
[debug] [2022-07-14T17:32:50.743Z] [worker-~diagnostic~-45e7cb3b-221d-4c76-91dc-6ec83b1effb4]: IDLE {"metadata":{"emulator":{"name":"functions"},"message":"[worker-~diagnostic~-45e7cb3b-221d-4c76-91dc-6ec83b1effb4]: IDLE"}}
[debug] [2022-07-14T17:32:51.366Z] <<< HTTP RESPONSE 200 {"content-length":"15","content-type":"application/json; charset=utf-8","access-control-allow-origin":"*","cache-control":"no-cache","x-firebase-project-id":"workshop-pop-default-rtdb","x-firebase-project-number":"123456789","x-firebase-uuid":"d48e4e37-14d6-4d30-9271-3849b9a6f2ae"}
[info] 
┌─────────────────────────────────────────────────────────────┐
│ ✔  All emulators ready! It is now safe to connect your app. │
│ i  View Emulator UI at http://localhost:4000                │
└─────────────────────────────────────────────────────────────┘

┌────────────────┬────────────────┬─────────────────────────────────┐
│ Emulator       │ Host:Port      │ View in Emulator UI             │
├────────────────┼────────────────┼─────────────────────────────────┤
│ Authentication │ localhost:9099 │ http://localhost:4000/auth      │
├────────────────┼────────────────┼─────────────────────────────────┤
│ Functions      │ localhost:5001 │ http://localhost:4000/functions │
├────────────────┼────────────────┼─────────────────────────────────┤
│ Firestore      │ localhost:8080 │ http://localhost:4000/firestore │
├────────────────┼────────────────┼─────────────────────────────────┤
│ Database       │ localhost:9000 │ http://localhost:4000/database  │
├────────────────┼────────────────┼─────────────────────────────────┤
│ Storage        │ localhost:9199 │ http://localhost:4000/storage   │
└────────────────┴────────────────┴─────────────────────────────────┘
  Emulator Hub running at localhost:4400
  Other reserved ports: 4500

Issues? Report them at https://github.com/firebase/firebase-tools/issues and attach the *-debug.log files.
 
[debug] [2022-07-14T17:53:39.486Z] Jul 14, 2022 2:53:39 PM io.gapi.emulators.netty.HttpVersionRoutingHandler channelRead
INFO: Detected non-HTTP/2 connection.
 {"metadata":{"emulator":{"name":"firestore"},"message":"Jul 14, 2022 2:53:39 PM io.gapi.emulators.netty.HttpVersionRoutingHandler channelRead\r\nINFO: Detected non-HTTP/2 connection.\r\n"}}
[debug] [2022-07-14T17:53:40.910Z] Jul 14, 2022 2:53:40 PM io.gapi.emulators.netty.HttpVersionRoutingHandler channelRead
INFO: Detected non-HTTP/2 connection.
 {"metadata":{"emulator":{"name":"firestore"},"message":"Jul 14, 2022 2:53:40 PM io.gapi.emulators.netty.HttpVersionRoutingHandler channelRead\r\nINFO: Detected non-HTTP/2 connection.\r\n"}}
[debug] [2022-07-14T17:53:41.234Z] Jul 14, 2022 2:53:41 PM io.gapi.emulators.netty.HttpVersionRoutingHandler channelRead
INFO: Detected non-HTTP/2 connection.
 {"metadata":{"emulator":{"name":"firestore"},"message":"Jul 14, 2022 2:53:41 PM io.gapi.emulators.netty.HttpVersionRoutingHandler channelRead\r\nINFO: Detected non-HTTP/2 connection.\r\n"}}
[debug] [2022-07-14T17:53:44.067Z] Jul 14, 2022 2:53:44 PM io.gapi.emulators.netty.HttpVersionRoutingHandler channelRead
INFO: Detected non-HTTP/2 connection.
 {"metadata":{"emulator":{"name":"firestore"},"message":"Jul 14, 2022 2:53:44 PM io.gapi.emulators.netty.HttpVersionRoutingHandler channelRead\r\nINFO: Detected non-HTTP/2 connection.\r\n"}}
[debug] [2022-07-14T17:53:44.401Z] Jul 14, 2022 2:53:44 PM io.gapi.emulators.netty.HttpVersionRoutingHandler channelRead
INFO: Detected non-HTTP/2 connection.
 {"metadata":{"emulator":{"name":"firestore"},"message":"Jul 14, 2022 2:53:44 PM io.gapi.emulators.netty.HttpVersionRoutingHandler channelRead\r\nINFO: Detected non-HTTP/2 connection.\r\n"}}
[debug] [2022-07-14T17:53:44.726Z] Jul 14, 2022 2:53:44 PM io.gapi.emulators.netty.HttpVersionRoutingHandler channelRead
INFO: Detected non-HTTP/2 connection.
 {"metadata":{"emulator":{"name":"firestore"},"message":"Jul 14, 2022 2:53:44 PM io.gapi.emulators.netty.HttpVersionRoutingHandler channelRead\r\nINFO: Detected non-HTTP/2 connection.\r\n"}}
[debug] [2022-07-14T17:53:47.032Z] Jul 14, 2022 2:53:47 PM io.gapi.emulators.netty.HttpVersionRoutingHandler channelRead
INFO: Detected non-HTTP/2 connection.
 {"metadata":{"emulator":{"name":"firestore"},"message":"Jul 14, 2022 2:53:47 PM io.gapi.emulators.netty.HttpVersionRoutingHandler channelRead\r\nINFO: Detected non-HTTP/2 connection.\r\n"}}
[debug] [2022-07-14T17:53:47.296Z] Jul 14, 2022 2:53:47 PM io.gapi.emulators.netty.HttpVersionRoutingHandler channelRead
INFO: Detected non-HTTP/2 connection.
 {"metadata":{"emulator":{"name":"firestore"},"message":"Jul 14, 2022 2:53:47 PM io.gapi.emulators.netty.HttpVersionRoutingHandler channelRead\r\nINFO: Detected non-HTTP/2 connection.\r\n"}}
[debug] [2022-07-14T17:53:47.374Z] Jul 14, 2022 2:53:47 PM io.gapi.emulators.netty.HttpVersionRoutingHandler channelRead
INFO: Detected non-HTTP/2 connection.
 {"metadata":{"emulator":{"name":"firestore"},"message":"Jul 14, 2022 2:53:47 PM io.gapi.emulators.netty.HttpVersionRoutingHandler channelRead\r\nINFO: Detected non-HTTP/2 connection.\r\n"}}
[debug] [2022-07-14T17:53:53.692Z] Jul 14, 2022 2:53:53 PM io.gapi.emulators.netty.HttpVersionRoutingHandler channelRead
INFO: Detected non-HTTP/2 connection.
 {"metadata":{"emulator":{"name":"firestore"},"message":"Jul 14, 2022 2:53:53 PM io.gapi.emulators.netty.HttpVersionRoutingHandler channelRead\r\nINFO: Detected non-HTTP/2 connection.\r\n"}}
[debug] [2022-07-14T17:53:54.068Z] Jul 14, 2022 2:53:54 PM com.google.cloud.datastore.emulator.firestore.websocket.WebSocketChannelHandler initChannel
INFO: Connected to new websocket client
 {"metadata":{"emulator":{"name":"firestore"},"message":"Jul 14, 2022 2:53:54 PM com.google.cloud.datastore.emulator.firestore.websocket.WebSocketChannelHandler initChannel\r\nINFO: Connected to new websocket client\r\n"}}
[debug] [2022-07-14T17:53:55.634Z] Jul 14, 2022 2:53:55 PM io.gapi.emulators.netty.HttpVersionRoutingHandler channelRead
INFO: Detected non-HTTP/2 connection.
 {"metadata":{"emulator":{"name":"firestore"},"message":"Jul 14, 2022 2:53:55 PM io.gapi.emulators.netty.HttpVersionRoutingHandler channelRead\r\nINFO: Detected non-HTTP/2 connection.\r\n"}}
[debug] [2022-07-14T17:53:55.788Z] Jul 14, 2022 2:53:55 PM io.gapi.emulators.netty.HttpVersionRoutingHandler channelRead
INFO: Detected HTTP/2 connection.
 {"metadata":{"emulator":{"name":"firestore"},"message":"Jul 14, 2022 2:53:55 PM io.gapi.emulators.netty.HttpVersionRoutingHandler channelRead\r\nINFO: Detected HTTP/2 connection.\r\n"}}
[debug] [2022-07-14T17:53:56.240Z] Jul 14, 2022 2:53:56 PM io.gapi.emulators.netty.HttpVersionRoutingHandler channelRead
INFO: Detected non-HTTP/2 connection.
 {"metadata":{"emulator":{"name":"firestore"},"message":"Jul 14, 2022 2:53:56 PM io.gapi.emulators.netty.HttpVersionRoutingHandler channelRead\r\nINFO: Detected non-HTTP/2 connection.\r\n"}}
[debug] [2022-07-14T17:53:56.567Z] Jul 14, 2022 2:53:56 PM io.gapi.emulators.netty.HttpVersionRoutingHandler channelRead
INFO: Detected non-HTTP/2 connection.
 {"metadata":{"emulator":{"name":"firestore"},"message":"Jul 14, 2022 2:53:56 PM io.gapi.emulators.netty.HttpVersionRoutingHandler channelRead\r\nINFO: Detected non-HTTP/2 connection.\r\n"}}
[debug] [2022-07-14T17:53:56.958Z] Jul 14, 2022 2:53:56 PM io.gapi.emulators.netty.HttpVersionRoutingHandler channelRead
INFO: Detected non-HTTP/2 connection.
 {"metadata":{"emulator":{"name":"firestore"},"message":"Jul 14, 2022 2:53:56 PM io.gapi.emulators.netty.HttpVersionRoutingHandler channelRead\r\nINFO: Detected non-HTTP/2 connection.\r\n"}}
[debug] [2022-07-14T17:53:57.657Z] Jul 14, 2022 2:53:57 PM io.gapi.emulators.netty.HttpVersionRoutingHandler channelRead
INFO: Detected non-HTTP/2 connection.
 {"metadata":{"emulator":{"name":"firestore"},"message":"Jul 14, 2022 2:53:57 PM io.gapi.emulators.netty.HttpVersionRoutingHandler channelRead\r\nINFO: Detected non-HTTP/2 connection.\r\n"}}
[debug] [2022-07-14T17:53:59.138Z] Jul 14, 2022 2:53:59 PM io.gapi.emulators.netty.HttpVersionRoutingHandler channelRead
INFO: Detected non-HTTP/2 connection.
 {"metadata":{"emulator":{"name":"firestore"},"message":"Jul 14, 2022 2:53:59 PM io.gapi.emulators.netty.HttpVersionRoutingHandler channelRead\r\nINFO: Detected non-HTTP/2 connection.\r\n"}}
[debug] [2022-07-14T17:53:59.979Z] Jul 14, 2022 2:53:59 PM io.gapi.emulators.netty.HttpVersionRoutingHandler channelRead
INFO: Detected non-HTTP/2 connection.
 {"metadata":{"emulator":{"name":"firestore"},"message":"Jul 14, 2022 2:53:59 PM io.gapi.emulators.netty.HttpVersionRoutingHandler channelRead\r\nINFO: Detected non-HTTP/2 connection.\r\n"}}
[debug] [2022-07-14T17:54:47.732Z] Jul 14, 2022 2:54:47 PM io.gapi.emulators.netty.HttpVersionRoutingHandler channelRead
INFO: Detected non-HTTP/2 connection.
 {"metadata":{"emulator":{"name":"firestore"},"message":"Jul 14, 2022 2:54:47 PM io.gapi.emulators.netty.HttpVersionRoutingHandler channelRead\r\nINFO: Detected non-HTTP/2 connection.\r\n"}}
[debug] [2022-07-14T17:54:47.737Z] Jul 14, 2022 2:54:47 PM com.google.cloud.datastore.emulator.firestore.webchannel.FirestoreV1WebChannelAdapter$FirestoreListenHandler onClose
INFO: channel closed
 {"metadata":{"emulator":{"name":"firestore"},"message":"Jul 14, 2022 2:54:47 PM com.google.cloud.datastore.emulator.firestore.webchannel.FirestoreV1WebChannelAdapter$FirestoreListenHandler onClose\r\nINFO: channel closed\r\n"}}
[debug] [2022-07-14T17:54:57.289Z] Jul 14, 2022 2:54:57 PM io.gapi.emulators.netty.HttpVersionRoutingHandler channelRead
INFO: Detected non-HTTP/2 connection.
 {"metadata":{"emulator":{"name":"firestore"},"message":"Jul 14, 2022 2:54:57 PM io.gapi.emulators.netty.HttpVersionRoutingHandler channelRead\r\nINFO: Detected non-HTTP/2 connection.\r\n"}}
[debug] [2022-07-14T17:55:57.621Z] Jul 14, 2022 2:55:57 PM io.gapi.emulators.netty.HttpVersionRoutingHandler channelRead
INFO: Detected non-HTTP/2 connection.
 {"metadata":{"emulator":{"name":"firestore"},"message":"Jul 14, 2022 2:55:57 PM io.gapi.emulators.netty.HttpVersionRoutingHandler channelRead\r\nINFO: Detected non-HTTP/2 connection.\r\n"}}
[debug] [2022-07-14T17:56:57.954Z] Jul 14, 2022 2:56:57 PM io.gapi.emulators.netty.HttpVersionRoutingHandler channelRead
INFO: Detected non-HTTP/2 connection.
 {"metadata":{"emulator":{"name":"firestore"},"message":"Jul 14, 2022 2:56:57 PM io.gapi.emulators.netty.HttpVersionRoutingHandler channelRead\r\nINFO: Detected non-HTTP/2 connection.\r\n"}}
[debug] [2022-07-14T17:57:43.902Z] Jul 14, 2022 2:57:43 PM io.gapi.emulators.netty.HttpVersionRoutingHandler channelRead
INFO: Detected non-HTTP/2 connection.
 {"metadata":{"emulator":{"name":"firestore"},"message":"Jul 14, 2022 2:57:43 PM io.gapi.emulators.netty.HttpVersionRoutingHandler channelRead\r\nINFO: Detected non-HTTP/2 connection.\r\n"}}
[debug] [2022-07-14T17:58:44.237Z] Jul 14, 2022 2:58:44 PM io.gapi.emulators.netty.HttpVersionRoutingHandler channelRead
INFO: Detected non-HTTP/2 connection.
 {"metadata":{"emulator":{"name":"firestore"},"message":"Jul 14, 2022 2:58:44 PM io.gapi.emulators.netty.HttpVersionRoutingHandler channelRead\r\nINFO: Detected non-HTTP/2 connection.\r\n"}}
[debug] [2022-07-14T17:59:44.575Z] Jul 14, 2022 2:59:44 PM io.gapi.emulators.netty.HttpVersionRoutingHandler channelRead
INFO: Detected non-HTTP/2 connection.
 {"metadata":{"emulator":{"name":"firestore"},"message":"Jul 14, 2022 2:59:44 PM io.gapi.emulators.netty.HttpVersionRoutingHandler channelRead\r\nINFO: Detected non-HTTP/2 connection.\r\n"}}
[debug] [2022-07-14T18:00:44.945Z] Jul 14, 2022 3:00:44 PM io.gapi.emulators.netty.HttpVersionRoutingHandler channelRead
INFO: Detected non-HTTP/2 connection.
 {"metadata":{"emulator":{"name":"firestore"},"message":"Jul 14, 2022 3:00:44 PM io.gapi.emulators.netty.HttpVersionRoutingHandler channelRead\r\nINFO: Detected non-HTTP/2 connection.\r\n"}}
[debug] [2022-07-14T18:01:45.268Z] Jul 14, 2022 3:01:45 PM io.gapi.emulators.netty.HttpVersionRoutingHandler channelRead
INFO: Detected non-HTTP/2 connection.
 {"metadata":{"emulator":{"name":"firestore"},"message":"Jul 14, 2022 3:01:45 PM io.gapi.emulators.netty.HttpVersionRoutingHandler channelRead\r\nINFO: Detected non-HTTP/2 connection.\r\n"}}
[debug] [2022-07-14T18:01:46.902Z] Jul 14, 2022 3:01:46 PM io.gapi.emulators.netty.HttpVersionRoutingHandler channelRead
INFO: Detected non-HTTP/2 connection.
 {"metadata":{"emulator":{"name":"firestore"},"message":"Jul 14, 2022 3:01:46 PM io.gapi.emulators.netty.HttpVersionRoutingHandler channelRead\r\nINFO: Detected non-HTTP/2 connection.\r\n"}}
[debug] [2022-07-14T18:01:47.223Z] Jul 14, 2022 3:01:47 PM io.gapi.emulators.netty.HttpVersionRoutingHandler channelRead
INFO: Detected non-HTTP/2 connection.
 {"metadata":{"emulator":{"name":"firestore"},"message":"Jul 14, 2022 3:01:47 PM io.gapi.emulators.netty.HttpVersionRoutingHandler channelRead\r\nINFO: Detected non-HTTP/2 connection.\r\n"}}
[debug] [2022-07-14T18:01:47.548Z] Jul 14, 2022 3:01:47 PM io.gapi.emulators.netty.HttpVersionRoutingHandler channelRead
INFO: Detected non-HTTP/2 connection.
 {"metadata":{"emulator":{"name":"firestore"},"message":"Jul 14, 2022 3:01:47 PM io.gapi.emulators.netty.HttpVersionRoutingHandler channelRead\r\nINFO: Detected non-HTTP/2 connection.\r\n"}}
[debug] [2022-07-14T18:02:45.609Z] Jul 14, 2022 3:02:45 PM io.gapi.emulators.netty.HttpVersionRoutingHandler channelRead
INFO: Detected non-HTTP/2 connection.
 {"metadata":{"emulator":{"name":"firestore"},"message":"Jul 14, 2022 3:02:45 PM io.gapi.emulators.netty.HttpVersionRoutingHandler channelRead\r\nINFO: Detected non-HTTP/2 connection.\r\n"}}
[debug] [2022-07-14T18:02:47.896Z] Jul 14, 2022 3:02:47 PM io.gapi.emulators.netty.HttpVersionRoutingHandler channelRead
INFO: Detected non-HTTP/2 connection.
 {"metadata":{"emulator":{"name":"firestore"},"message":"Jul 14, 2022 3:02:47 PM io.gapi.emulators.netty.HttpVersionRoutingHandler channelRead\r\nINFO: Detected non-HTTP/2 connection.\r\n"}}
[debug] [2022-07-14T18:02:47.900Z] Jul 14, 2022 3:02:47 PM com.google.cloud.datastore.emulator.firestore.webchannel.FirestoreV1WebChannelAdapter$FirestoreListenHandler onClose
INFO: channel closed
 {"metadata":{"emulator":{"name":"firestore"},"message":"Jul 14, 2022 3:02:47 PM com.google.cloud.datastore.emulator.firestore.webchannel.FirestoreV1WebChannelAdapter$FirestoreListenHandler onClose\r\nINFO: channel closed\r\n"}}
[debug] [2022-07-14T18:03:45.952Z] Jul 14, 2022 3:03:45 PM io.gapi.emulators.netty.HttpVersionRoutingHandler channelRead
INFO: Detected non-HTTP/2 connection.
 {"metadata":{"emulator":{"name":"firestore"},"message":"Jul 14, 2022 3:03:45 PM io.gapi.emulators.netty.HttpVersionRoutingHandler channelRead\r\nINFO: Detected non-HTTP/2 connection.\r\n"}}
[debug] [2022-07-14T18:04:46.274Z] Jul 14, 2022 3:04:46 PM io.gapi.emulators.netty.HttpVersionRoutingHandler channelRead
INFO: Detected non-HTTP/2 connection.
 {"metadata":{"emulator":{"name":"firestore"},"message":"Jul 14, 2022 3:04:46 PM io.gapi.emulators.netty.HttpVersionRoutingHandler channelRead\r\nINFO: Detected non-HTTP/2 connection.\r\n"}}
[debug] [2022-07-14T18:05:46.618Z] Jul 14, 2022 3:05:46 PM io.gapi.emulators.netty.HttpVersionRoutingHandler channelRead
INFO: Detected non-HTTP/2 connection.
 {"metadata":{"emulator":{"name":"firestore"},"message":"Jul 14, 2022 3:05:46 PM io.gapi.emulators.netty.HttpVersionRoutingHandler channelRead\r\nINFO: Detected non-HTTP/2 connection.\r\n"}}
[debug] [2022-07-14T18:06:46.959Z] Jul 14, 2022 3:06:46 PM io.gapi.emulators.netty.HttpVersionRoutingHandler channelRead
INFO: Detected non-HTTP/2 connection.
 {"metadata":{"emulator":{"name":"firestore"},"message":"Jul 14, 2022 3:06:46 PM io.gapi.emulators.netty.HttpVersionRoutingHandler channelRead\r\nINFO: Detected non-HTTP/2 connection.\r\n"}}
[debug] [2022-07-14T18:07:47.292Z] Jul 14, 2022 3:07:47 PM io.gapi.emulators.netty.HttpVersionRoutingHandler channelRead
INFO: Detected non-HTTP/2 connection.
 {"metadata":{"emulator":{"name":"firestore"},"message":"Jul 14, 2022 3:07:47 PM io.gapi.emulators.netty.HttpVersionRoutingHandler channelRead\r\nINFO: Detected non-HTTP/2 connection.\r\n"}}
[debug] [2022-07-14T18:08:47.624Z] Jul 14, 2022 3:08:47 PM io.gapi.emulators.netty.HttpVersionRoutingHandler channelRead
INFO: Detected non-HTTP/2 connection.
 {"metadata":{"emulator":{"name":"firestore"},"message":"Jul 14, 2022 3:08:47 PM io.gapi.emulators.netty.HttpVersionRoutingHandler channelRead\r\nINFO: Detected non-HTTP/2 connection.\r\n"}}
[debug] [2022-07-14T18:09:47.947Z] Jul 14, 2022 3:09:47 PM io.gapi.emulators.netty.HttpVersionRoutingHandler channelRead
INFO: Detected non-HTTP/2 connection.
 {"metadata":{"emulator":{"name":"firestore"},"message":"Jul 14, 2022 3:09:47 PM io.gapi.emulators.netty.HttpVersionRoutingHandler channelRead\r\nINFO: Detected non-HTTP/2 connection.\r\n"}}
[debug] [2022-07-14T18:10:47.972Z] Jul 14, 2022 3:10:47 PM io.gapi.emulators.netty.HttpVersionRoutingHandler channelRead
INFO: Detected non-HTTP/2 connection.
 {"metadata":{"emulator":{"name":"firestore"},"message":"Jul 14, 2022 3:10:47 PM io.gapi.emulators.netty.HttpVersionRoutingHandler channelRead\r\nINFO: Detected non-HTTP/2 connection.\r\n"}}
[debug] [2022-07-14T18:11:48.353Z] Jul 14, 2022 3:11:48 PM io.gapi.emulators.netty.HttpVersionRoutingHandler channelRead
INFO: Detected non-HTTP/2 connection.
 {"metadata":{"emulator":{"name":"firestore"},"message":"Jul 14, 2022 3:11:48 PM io.gapi.emulators.netty.HttpVersionRoutingHandler channelRead\r\nINFO: Detected non-HTTP/2 connection.\r\n"}}
[debug] [2022-07-14T18:12:48.388Z] Jul 14, 2022 3:12:48 PM io.gapi.emulators.netty.HttpVersionRoutingHandler channelRead
INFO: Detected non-HTTP/2 connection.
 {"metadata":{"emulator":{"name":"firestore"},"message":"Jul 14, 2022 3:12:48 PM io.gapi.emulators.netty.HttpVersionRoutingHandler channelRead\r\nINFO: Detected non-HTTP/2 connection.\r\n"}}
[debug] [2022-07-14T18:13:48.722Z] Jul 14, 2022 3:13:48 PM io.gapi.emulators.netty.HttpVersionRoutingHandler channelRead
INFO: Detected non-HTTP/2 connection.
 {"metadata":{"emulator":{"name":"firestore"},"message":"Jul 14, 2022 3:13:48 PM io.gapi.emulators.netty.HttpVersionRoutingHandler channelRead\r\nINFO: Detected non-HTTP/2 connection.\r\n"}}
[debug] [2022-07-14T18:14:39.155Z] Jul 14, 2022 3:14:39 PM io.gapi.emulators.netty.HttpVersionRoutingHandler channelRead
INFO: Detected non-HTTP/2 connection.
 {"metadata":{"emulator":{"name":"firestore"},"message":"Jul 14, 2022 3:14:39 PM io.gapi.emulators.netty.HttpVersionRoutingHandler channelRead\r\nINFO: Detected non-HTTP/2 connection.\r\n"}}
[debug] [2022-07-14T18:14:39.481Z] Jul 14, 2022 3:14:39 PM io.gapi.emulators.netty.HttpVersionRoutingHandler channelRead
INFO: Detected non-HTTP/2 connection.
 {"metadata":{"emulator":{"name":"firestore"},"message":"Jul 14, 2022 3:14:39 PM io.gapi.emulators.netty.HttpVersionRoutingHandler channelRead\r\nINFO: Detected non-HTTP/2 connection.\r\n"}}
[debug] [2022-07-14T18:14:39.795Z] Jul 14, 2022 3:14:39 PM io.gapi.emulators.netty.HttpVersionRoutingHandler channelRead
INFO: Detected non-HTTP/2 connection.
 {"metadata":{"emulator":{"name":"firestore"},"message":"Jul 14, 2022 3:14:39 PM io.gapi.emulators.netty.HttpVersionRoutingHandler channelRead\r\nINFO: Detected non-HTTP/2 connection.\r\n"}}
[debug] [2022-07-14T18:14:49.045Z] Jul 14, 2022 3:14:49 PM io.gapi.emulators.netty.HttpVersionRoutingHandler channelRead
INFO: Detected non-HTTP/2 connection.
 {"metadata":{"emulator":{"name":"firestore"},"message":"Jul 14, 2022 3:14:49 PM io.gapi.emulators.netty.HttpVersionRoutingHandler channelRead\r\nINFO: Detected non-HTTP/2 connection.\r\n"}}
[debug] [2022-07-14T18:15:39.891Z] Jul 14, 2022 3:15:39 PM io.gapi.emulators.netty.HttpVersionRoutingHandler channelRead
INFO: Detected non-HTTP/2 connection.
 {"metadata":{"emulator":{"name":"firestore"},"message":"Jul 14, 2022 3:15:39 PM io.gapi.emulators.netty.HttpVersionRoutingHandler channelRead\r\nINFO: Detected non-HTTP/2 connection.\r\n"}}
[debug] [2022-07-14T18:15:39.896Z] Jul 14, 2022 3:15:39 PM com.google.cloud.datastore.emulator.firestore.webchannel.FirestoreV1WebChannelAdapter$FirestoreListenHandler onClose
INFO: channel closed
 {"metadata":{"emulator":{"name":"firestore"},"message":"Jul 14, 2022 3:15:39 PM com.google.cloud.datastore.emulator.firestore.webchannel.FirestoreV1WebChannelAdapter$FirestoreListenHandler onClose\r\nINFO: channel closed\r\n"}}
[debug] [2022-07-14T18:15:49.372Z] Jul 14, 2022 3:15:49 PM io.gapi.emulators.netty.HttpVersionRoutingHandler channelRead
INFO: Detected non-HTTP/2 connection.
 {"metadata":{"emulator":{"name":"firestore"},"message":"Jul 14, 2022 3:15:49 PM io.gapi.emulators.netty.HttpVersionRoutingHandler channelRead\r\nINFO: Detected non-HTTP/2 connection.\r\n"}}
[debug] [2022-07-14T18:16:49.700Z] Jul 14, 2022 3:16:49 PM io.gapi.emulators.netty.HttpVersionRoutingHandler channelRead
INFO: Detected non-HTTP/2 connection.
 {"metadata":{"emulator":{"name":"firestore"},"message":"Jul 14, 2022 3:16:49 PM io.gapi.emulators.netty.HttpVersionRoutingHandler channelRead\r\nINFO: Detected non-HTTP/2 connection.\r\n"}}
[debug] [2022-07-14T18:17:07.234Z] Jul 14, 2022 3:17:07 PM io.gapi.emulators.netty.HttpVersionRoutingHandler channelRead
INFO: Detected non-HTTP/2 connection.
 {"metadata":{"emulator":{"name":"firestore"},"message":"Jul 14, 2022 3:17:07 PM io.gapi.emulators.netty.HttpVersionRoutingHandler channelRead\r\nINFO: Detected non-HTTP/2 connection.\r\n"}}
[debug] [2022-07-14T18:17:07.562Z] Jul 14, 2022 3:17:07 PM io.gapi.emulators.netty.HttpVersionRoutingHandler channelRead
INFO: Detected non-HTTP/2 connection.
 {"metadata":{"emulator":{"name":"firestore"},"message":"Jul 14, 2022 3:17:07 PM io.gapi.emulators.netty.HttpVersionRoutingHandler channelRead\r\nINFO: Detected non-HTTP/2 connection.\r\n"}}
[debug] [2022-07-14T18:17:07.889Z] Jul 14, 2022 3:17:07 PM io.gapi.emulators.netty.HttpVersionRoutingHandler channelRead
INFO: Detected non-HTTP/2 connection.
 {"metadata":{"emulator":{"name":"firestore"},"message":"Jul 14, 2022 3:17:07 PM io.gapi.emulators.netty.HttpVersionRoutingHandler channelRead\r\nINFO: Detected non-HTTP/2 connection.\r\n"}}
[debug] [2022-07-14T18:17:09.913Z] Jul 14, 2022 3:17:09 PM io.gapi.emulators.netty.HttpVersionRoutingHandler channelRead
INFO: Detected non-HTTP/2 connection.
 {"metadata":{"emulator":{"name":"firestore"},"message":"Jul 14, 2022 3:17:09 PM io.gapi.emulators.netty.HttpVersionRoutingHandler channelRead\r\nINFO: Detected non-HTTP/2 connection.\r\n"}}
[debug] [2022-07-14T18:17:10.225Z] Jul 14, 2022 3:17:10 PM io.gapi.emulators.netty.HttpVersionRoutingHandler channelRead
INFO: Detected non-HTTP/2 connection.
 {"metadata":{"emulator":{"name":"firestore"},"message":"Jul 14, 2022 3:17:10 PM io.gapi.emulators.netty.HttpVersionRoutingHandler channelRead\r\nINFO: Detected non-HTTP/2 connection.\r\n"}}
[debug] [2022-07-14T18:17:10.535Z] Jul 14, 2022 3:17:10 PM io.gapi.emulators.netty.HttpVersionRoutingHandler channelRead
INFO: Detected non-HTTP/2 connection.
 {"metadata":{"emulator":{"name":"firestore"},"message":"Jul 14, 2022 3:17:10 PM io.gapi.emulators.netty.HttpVersionRoutingHandler channelRead\r\nINFO: Detected non-HTTP/2 connection.\r\n"}}
[debug] [2022-07-14T18:17:12.193Z] Jul 14, 2022 3:17:12 PM io.gapi.emulators.netty.HttpVersionRoutingHandler channelRead
INFO: Detected non-HTTP/2 connection.
 {"metadata":{"emulator":{"name":"firestore"},"message":"Jul 14, 2022 3:17:12 PM io.gapi.emulators.netty.HttpVersionRoutingHandler channelRead\r\nINFO: Detected non-HTTP/2 connection.\r\n"}}
[debug] [2022-07-14T18:17:12.524Z] Jul 14, 2022 3:17:12 PM io.gapi.emulators.netty.HttpVersionRoutingHandler channelRead
INFO: Detected non-HTTP/2 connection.
 {"metadata":{"emulator":{"name":"firestore"},"message":"Jul 14, 2022 3:17:12 PM io.gapi.emulators.netty.HttpVersionRoutingHandler channelRead\r\nINFO: Detected non-HTTP/2 connection.\r\n"}}
[debug] [2022-07-14T18:17:12.855Z] Jul 14, 2022 3:17:12 PM io.gapi.emulators.netty.HttpVersionRoutingHandler channelRead
INFO: Detected non-HTTP/2 connection.
 {"metadata":{"emulator":{"name":"firestore"},"message":"Jul 14, 2022 3:17:12 PM io.gapi.emulators.netty.HttpVersionRoutingHandler channelRead\r\nINFO: Detected non-HTTP/2 connection.\r\n"}}
[debug] [2022-07-14T18:17:23.775Z] Jul 14, 2022 3:17:23 PM io.gapi.emulators.netty.HttpVersionRoutingHandler channelRead
INFO: Detected non-HTTP/2 connection.
 {"metadata":{"emulator":{"name":"firestore"},"message":"Jul 14, 2022 3:17:23 PM io.gapi.emulators.netty.HttpVersionRoutingHandler channelRead\r\nINFO: Detected non-HTTP/2 connection.\r\n"}}
[debug] [2022-07-14T18:17:24.088Z] Jul 14, 2022 3:17:24 PM io.gapi.emulators.netty.HttpVersionRoutingHandler channelRead
INFO: Detected non-HTTP/2 connection.
 {"metadata":{"emulator":{"name":"firestore"},"message":"Jul 14, 2022 3:17:24 PM io.gapi.emulators.netty.HttpVersionRoutingHandler channelRead\r\nINFO: Detected non-HTTP/2 connection.\r\n"}}
[debug] [2022-07-14T18:17:24.900Z] Jul 14, 2022 3:17:24 PM io.gapi.emulators.netty.HttpVersionRoutingHandler channelRead
INFO: Detected non-HTTP/2 connection.
 {"metadata":{"emulator":{"name":"firestore"},"message":"Jul 14, 2022 3:17:24 PM io.gapi.emulators.netty.HttpVersionRoutingHandler channelRead\r\nINFO: Detected non-HTTP/2 connection.\r\n"}}
[debug] [2022-07-14T18:17:25.233Z] Jul 14, 2022 3:17:25 PM io.gapi.emulators.netty.HttpVersionRoutingHandler channelRead
INFO: Detected non-HTTP/2 connection.
 {"metadata":{"emulator":{"name":"firestore"},"message":"Jul 14, 2022 3:17:25 PM io.gapi.emulators.netty.HttpVersionRoutingHandler channelRead\r\nINFO: Detected non-HTTP/2 connection.\r\n"}}
[debug] [2022-07-14T18:17:25.559Z] Jul 14, 2022 3:17:25 PM io.gapi.emulators.netty.HttpVersionRoutingHandler channelRead
INFO: Detected non-HTTP/2 connection.
 {"metadata":{"emulator":{"name":"firestore"},"message":"Jul 14, 2022 3:17:25 PM io.gapi.emulators.netty.HttpVersionRoutingHandler channelRead\r\nINFO: Detected non-HTTP/2 connection.\r\n"}}
[debug] [2022-07-14T18:17:27.835Z] Jul 14, 2022 3:17:27 PM io.gapi.emulators.netty.HttpVersionRoutingHandler channelRead
INFO: Detected non-HTTP/2 connection.
 {"metadata":{"emulator":{"name":"firestore"},"message":"Jul 14, 2022 3:17:27 PM io.gapi.emulators.netty.HttpVersionRoutingHandler channelRead\r\nINFO: Detected non-HTTP/2 connection.\r\n"}}
[debug] [2022-07-14T18:17:28.166Z] Jul 14, 2022 3:17:28 PM io.gapi.emulators.netty.HttpVersionRoutingHandler channelRead
INFO: Detected non-HTTP/2 connection.
 {"metadata":{"emulator":{"name":"firestore"},"message":"Jul 14, 2022 3:17:28 PM io.gapi.emulators.netty.HttpVersionRoutingHandler channelRead\r\nINFO: Detected non-HTTP/2 connection.\r\n"}}
[debug] [2022-07-14T18:17:28.492Z] Jul 14, 2022 3:17:28 PM io.gapi.emulators.netty.HttpVersionRoutingHandler channelRead
INFO: Detected non-HTTP/2 connection.
 {"metadata":{"emulator":{"name":"firestore"},"message":"Jul 14, 2022 3:17:28 PM io.gapi.emulators.netty.HttpVersionRoutingHandler channelRead\r\nINFO: Detected non-HTTP/2 connection.\r\n"}}
[debug] [2022-07-14T18:17:30.039Z] Jul 14, 2022 3:17:30 PM io.gapi.emulators.netty.HttpVersionRoutingHandler channelRead
INFO: Detected non-HTTP/2 connection.
 {"metadata":{"emulator":{"name":"firestore"},"message":"Jul 14, 2022 3:17:30 PM io.gapi.emulators.netty.HttpVersionRoutingHandler channelRead\r\nINFO: Detected non-HTTP/2 connection.\r\n"}}
[debug] [2022-07-14T18:17:30.367Z] Jul 14, 2022 3:17:30 PM io.gapi.emulators.netty.HttpVersionRoutingHandler channelRead
INFO: Detected non-HTTP/2 connection.
 {"metadata":{"emulator":{"name":"firestore"},"message":"Jul 14, 2022 3:17:30 PM io.gapi.emulators.netty.HttpVersionRoutingHandler channelRead\r\nINFO: Detected non-HTTP/2 connection.\r\n"}}
[debug] [2022-07-14T18:17:30.700Z] Jul 14, 2022 3:17:30 PM io.gapi.emulators.netty.HttpVersionRoutingHandler channelRead
INFO: Detected non-HTTP/2 connection.
 {"metadata":{"emulator":{"name":"firestore"},"message":"Jul 14, 2022 3:17:30 PM io.gapi.emulators.netty.HttpVersionRoutingHandler channelRead\r\nINFO: Detected non-HTTP/2 connection.\r\n"}}
[debug] [2022-07-14T18:17:31.450Z] Jul 14, 2022 3:17:31 PM io.gapi.emulators.netty.HttpVersionRoutingHandler channelRead
INFO: Detected non-HTTP/2 connection.
Jul 14, 2022 3:17:31 PM io.gapi.emulators.netty.HttpVersionRoutingHandler channelRead
INFO: Detected non-HTTP/2 connection.
 {"metadata":{"emulator":{"name":"firestore"},"message":"Jul 14, 2022 3:17:31 PM io.gapi.emulators.netty.HttpVersionRoutingHandler channelRead\r\nINFO: Detected non-HTTP/2 connection.\r\nJul 14, 2022 3:17:31 PM io.gapi.emulators.netty.HttpVersionRoutingHandler channelRead\r\nINFO: Detected non-HTTP/2 connection.\r\n"}}
[debug] [2022-07-14T18:17:31.450Z] Jul 14, 2022 3:17:31 PM io.gapi.emulators.netty.HttpVersionRoutingHandler channelRead
INFO: Detected non-HTTP/2 connection.
 {"metadata":{"emulator":{"name":"firestore"},"message":"Jul 14, 2022 3:17:31 PM io.gapi.emulators.netty.HttpVersionRoutingHandler channelRead\r\nINFO: Detected non-HTTP/2 connection.\r\n"}}
[debug] [2022-07-14T18:17:31.458Z] Jul 14, 2022 3:17:31 PM io.gapi.emulators.netty.HttpVersionRoutingHandler channelRead
INFO: Detected non-HTTP/2 connection.
 {"metadata":{"emulator":{"name":"firestore"},"message":"Jul 14, 2022 3:17:31 PM io.gapi.emulators.netty.HttpVersionRoutingHandler channelRead\r\nINFO: Detected non-HTTP/2 connection.\r\n"}}
[debug] [2022-07-14T18:17:33.333Z] Jul 14, 2022 3:17:33 PM com.google.cloud.datastore.emulator.firestore.websocket.WebSocketChannelHandler channelClosed
INFO: Websocket client disconnected
 {"metadata":{"emulator":{"name":"firestore"},"message":"Jul 14, 2022 3:17:33 PM com.google.cloud.datastore.emulator.firestore.websocket.WebSocketChannelHandler channelClosed\r\nINFO: Websocket client disconnected\r\n"}}
[debug] [2022-07-14T18:17:33.808Z] Jul 14, 2022 3:17:33 PM io.gapi.emulators.netty.HttpVersionRoutingHandler channelRead
INFO: Detected non-HTTP/2 connection.
 {"metadata":{"emulator":{"name":"firestore"},"message":"Jul 14, 2022 3:17:33 PM io.gapi.emulators.netty.HttpVersionRoutingHandler channelRead\r\nINFO: Detected non-HTTP/2 connection.\r\n"}}
[debug] [2022-07-14T18:17:34.350Z] Jul 14, 2022 3:17:34 PM com.google.cloud.datastore.emulator.firestore.websocket.WebSocketChannelHandler initChannel
INFO: Connected to new websocket client
 {"metadata":{"emulator":{"name":"firestore"},"message":"Jul 14, 2022 3:17:34 PM com.google.cloud.datastore.emulator.firestore.websocket.WebSocketChannelHandler initChannel\r\nINFO: Connected to new websocket client\r\n"}}
[debug] [2022-07-14T18:17:34.441Z] Jul 14, 2022 3:17:34 PM io.gapi.emulators.netty.HttpVersionRoutingHandler channelRead
INFO: Detected non-HTTP/2 connection.
 {"metadata":{"emulator":{"name":"firestore"},"message":"Jul 14, 2022 3:17:34 PM io.gapi.emulators.netty.HttpVersionRoutingHandler channelRead\r\nINFO: Detected non-HTTP/2 connection.\r\n"}}
[debug] [2022-07-14T18:17:34.767Z] Jul 14, 2022 3:17:34 PM io.gapi.emulators.netty.HttpVersionRoutingHandler channelRead
INFO: Detected non-HTTP/2 connection.
 {"metadata":{"emulator":{"name":"firestore"},"message":"Jul 14, 2022 3:17:34 PM io.gapi.emulators.netty.HttpVersionRoutingHandler channelRead\r\nINFO: Detected non-HTTP/2 connection.\r\n"}}
[debug] [2022-07-14T18:17:35.124Z] Jul 14, 2022 3:17:35 PM io.gapi.emulators.netty.HttpVersionRoutingHandler channelRead
INFO: Detected non-HTTP/2 connection.
 {"metadata":{"emulator":{"name":"firestore"},"message":"Jul 14, 2022 3:17:35 PM io.gapi.emulators.netty.HttpVersionRoutingHandler channelRead\r\nINFO: Detected non-HTTP/2 connection.\r\n"}}
[debug] [2022-07-14T18:18:09.281Z] Jul 14, 2022 3:18:09 PM io.gapi.emulators.netty.HttpVersionRoutingHandler channelRead
INFO: Detected non-HTTP/2 connection.
 {"metadata":{"emulator":{"name":"firestore"},"message":"Jul 14, 2022 3:18:09 PM io.gapi.emulators.netty.HttpVersionRoutingHandler channelRead\r\nINFO: Detected non-HTTP/2 connection.\r\n"}}
[debug] [2022-07-14T18:18:09.671Z] Jul 14, 2022 3:18:09 PM io.gapi.emulators.netty.HttpVersionRoutingHandler channelRead
INFO: Detected non-HTTP/2 connection.
 {"metadata":{"emulator":{"name":"firestore"},"message":"Jul 14, 2022 3:18:09 PM io.gapi.emulators.netty.HttpVersionRoutingHandler channelRead\r\nINFO: Detected non-HTTP/2 connection.\r\n"}}
[debug] [2022-07-14T18:18:10.962Z] Jul 14, 2022 3:18:10 PM io.gapi.emulators.netty.HttpVersionRoutingHandler channelRead
INFO: Detected non-HTTP/2 connection.
 {"metadata":{"emulator":{"name":"firestore"},"message":"Jul 14, 2022 3:18:10 PM io.gapi.emulators.netty.HttpVersionRoutingHandler channelRead\r\nINFO: Detected non-HTTP/2 connection.\r\n"}}
[debug] [2022-07-14T18:18:11.275Z] Jul 14, 2022 3:18:11 PM io.gapi.emulators.netty.HttpVersionRoutingHandler channelRead
INFO: Detected non-HTTP/2 connection.
 {"metadata":{"emulator":{"name":"firestore"},"message":"Jul 14, 2022 3:18:11 PM io.gapi.emulators.netty.HttpVersionRoutingHandler channelRead\r\nINFO: Detected non-HTTP/2 connection.\r\n"}}
[debug] [2022-07-14T18:18:11.601Z] Jul 14, 2022 3:18:11 PM io.gapi.emulators.netty.HttpVersionRoutingHandler channelRead
INFO: Detected non-HTTP/2 connection.
 {"metadata":{"emulator":{"name":"firestore"},"message":"Jul 14, 2022 3:18:11 PM io.gapi.emulators.netty.HttpVersionRoutingHandler channelRead\r\nINFO: Detected non-HTTP/2 connection.\r\n"}}
[debug] [2022-07-14T18:18:18.295Z] Jul 14, 2022 3:18:18 PM io.gapi.emulators.netty.HttpVersionRoutingHandler channelRead
INFO: Detected non-HTTP/2 connection.
 {"metadata":{"emulator":{"name":"firestore"},"message":"Jul 14, 2022 3:18:18 PM io.gapi.emulators.netty.HttpVersionRoutingHandler channelRead\r\nINFO: Detected non-HTTP/2 connection.\r\n"}}
[debug] [2022-07-14T18:18:18.618Z] Jul 14, 2022 3:18:18 PM io.gapi.emulators.netty.HttpVersionRoutingHandler channelRead
INFO: Detected non-HTTP/2 connection.
 {"metadata":{"emulator":{"name":"firestore"},"message":"Jul 14, 2022 3:18:18 PM io.gapi.emulators.netty.HttpVersionRoutingHandler channelRead\r\nINFO: Detected non-HTTP/2 connection.\r\n"}}
[debug] [2022-07-14T18:18:18.938Z] Jul 14, 2022 3:18:18 PM io.gapi.emulators.netty.HttpVersionRoutingHandler channelRead
INFO: Detected non-HTTP/2 connection.
 {"metadata":{"emulator":{"name":"firestore"},"message":"Jul 14, 2022 3:18:18 PM io.gapi.emulators.netty.HttpVersionRoutingHandler channelRead\r\nINFO: Detected non-HTTP/2 connection.\r\n"}}
[debug] [2022-07-14T18:18:41.955Z] Jul 14, 2022 3:18:41 PM io.gapi.emulators.netty.HttpVersionRoutingHandler channelRead
INFO: Detected non-HTTP/2 connection.
 {"metadata":{"emulator":{"name":"firestore"},"message":"Jul 14, 2022 3:18:41 PM io.gapi.emulators.netty.HttpVersionRoutingHandler channelRead\r\nINFO: Detected non-HTTP/2 connection.\r\n"}}
[debug] [2022-07-14T18:19:14.240Z] Jul 14, 2022 3:19:14 PM io.gapi.emulators.netty.HttpVersionRoutingHandler channelRead
INFO: Detected non-HTTP/2 connection.
 {"metadata":{"emulator":{"name":"firestore"},"message":"Jul 14, 2022 3:19:14 PM io.gapi.emulators.netty.HttpVersionRoutingHandler channelRead\r\nINFO: Detected non-HTTP/2 connection.\r\n"}}
[debug] [2022-07-14T18:19:14.581Z] Jul 14, 2022 3:19:14 PM io.gapi.emulators.netty.HttpVersionRoutingHandler channelRead
INFO: Detected non-HTTP/2 connection.
 {"metadata":{"emulator":{"name":"firestore"},"message":"Jul 14, 2022 3:19:14 PM io.gapi.emulators.netty.HttpVersionRoutingHandler channelRead\r\nINFO: Detected non-HTTP/2 connection.\r\n"}}
[debug] [2022-07-14T18:19:14.909Z] Jul 14, 2022 3:19:14 PM io.gapi.emulators.netty.HttpVersionRoutingHandler channelRead
INFO: Detected non-HTTP/2 connection.
 {"metadata":{"emulator":{"name":"firestore"},"message":"Jul 14, 2022 3:19:14 PM io.gapi.emulators.netty.HttpVersionRoutingHandler channelRead\r\nINFO: Detected non-HTTP/2 connection.\r\n"}}
[debug] [2022-07-14T18:19:17.244Z] Jul 14, 2022 3:19:17 PM io.gapi.emulators.netty.HttpVersionRoutingHandler channelRead
INFO: Detected non-HTTP/2 connection.
 {"metadata":{"emulator":{"name":"firestore"},"message":"Jul 14, 2022 3:19:17 PM io.gapi.emulators.netty.HttpVersionRoutingHandler channelRead\r\nINFO: Detected non-HTTP/2 connection.\r\n"}}
[debug] [2022-07-14T18:19:17.569Z] Jul 14, 2022 3:19:17 PM io.gapi.emulators.netty.HttpVersionRoutingHandler channelRead
INFO: Detected non-HTTP/2 connection.
 {"metadata":{"emulator":{"name":"firestore"},"message":"Jul 14, 2022 3:19:17 PM io.gapi.emulators.netty.HttpVersionRoutingHandler channelRead\r\nINFO: Detected non-HTTP/2 connection.\r\n"}}
[debug] [2022-07-14T18:19:17.879Z] Jul 14, 2022 3:19:17 PM io.gapi.emulators.netty.HttpVersionRoutingHandler channelRead
INFO: Detected non-HTTP/2 connection.
 {"metadata":{"emulator":{"name":"firestore"},"message":"Jul 14, 2022 3:19:17 PM io.gapi.emulators.netty.HttpVersionRoutingHandler channelRead\r\nINFO: Detected non-HTTP/2 connection.\r\n"}}
[debug] [2022-07-14T18:19:18.254Z] Jul 14, 2022 3:19:18 PM io.gapi.emulators.netty.HttpVersionRoutingHandler channelRead
INFO: Detected non-HTTP/2 connection.
 {"metadata":{"emulator":{"name":"firestore"},"message":"Jul 14, 2022 3:19:18 PM io.gapi.emulators.netty.HttpVersionRoutingHandler channelRead\r\nINFO: Detected non-HTTP/2 connection.\r\n"}}
[debug] [2022-07-14T18:19:18.410Z] Jul 14, 2022 3:19:18 PM io.gapi.emulators.netty.HttpVersionRoutingHandler channelRead
INFO: Detected non-HTTP/2 connection.
 {"metadata":{"emulator":{"name":"firestore"},"message":"Jul 14, 2022 3:19:18 PM io.gapi.emulators.netty.HttpVersionRoutingHandler channelRead\r\nINFO: Detected non-HTTP/2 connection.\r\n"}}
[debug] [2022-07-14T18:19:18.621Z] Jul 14, 2022 3:19:18 PM io.gapi.emulators.netty.HttpVersionRoutingHandler channelRead
INFO: Detected non-HTTP/2 connection.
 {"metadata":{"emulator":{"name":"firestore"},"message":"Jul 14, 2022 3:19:18 PM io.gapi.emulators.netty.HttpVersionRoutingHandler channelRead\r\nINFO: Detected non-HTTP/2 connection.\r\n"}}
[debug] [2022-07-14T18:19:20.581Z] Jul 14, 2022 3:19:20 PM io.gapi.emulators.netty.HttpVersionRoutingHandler channelRead
INFO: Detected non-HTTP/2 connection.
 {"metadata":{"emulator":{"name":"firestore"},"message":"Jul 14, 2022 3:19:20 PM io.gapi.emulators.netty.HttpVersionRoutingHandler channelRead\r\nINFO: Detected non-HTTP/2 connection.\r\n"}}
[debug] [2022-07-14T18:19:20.905Z] Jul 14, 2022 3:19:20 PM io.gapi.emulators.netty.HttpVersionRoutingHandler channelRead
INFO: Detected non-HTTP/2 connection.
 {"metadata":{"emulator":{"name":"firestore"},"message":"Jul 14, 2022 3:19:20 PM io.gapi.emulators.netty.HttpVersionRoutingHandler channelRead\r\nINFO: Detected non-HTTP/2 connection.\r\n"}}
[debug] [2022-07-14T18:19:21.224Z] Jul 14, 2022 3:19:21 PM io.gapi.emulators.netty.HttpVersionRoutingHandler channelRead
INFO: Detected non-HTTP/2 connection.
 {"metadata":{"emulator":{"name":"firestore"},"message":"Jul 14, 2022 3:19:21 PM io.gapi.emulators.netty.HttpVersionRoutingHandler channelRead\r\nINFO: Detected non-HTTP/2 connection.\r\n"}}
[debug] [2022-07-14T18:19:48.947Z] Jul 14, 2022 3:19:48 PM io.gapi.emulators.netty.HttpVersionRoutingHandler channelRead
INFO: Detected non-HTTP/2 connection.
 {"metadata":{"emulator":{"name":"firestore"},"message":"Jul 14, 2022 3:19:48 PM io.gapi.emulators.netty.HttpVersionRoutingHandler channelRead\r\nINFO: Detected non-HTTP/2 connection.\r\n"}}
[debug] [2022-07-14T18:20:21.539Z] Jul 14, 2022 3:20:21 PM io.gapi.emulators.netty.HttpVersionRoutingHandler channelRead
INFO: Detected non-HTTP/2 connection.
 {"metadata":{"emulator":{"name":"firestore"},"message":"Jul 14, 2022 3:20:21 PM io.gapi.emulators.netty.HttpVersionRoutingHandler channelRead\r\nINFO: Detected non-HTTP/2 connection.\r\n"}}
[debug] [2022-07-14T18:20:21.877Z] Jul 14, 2022 3:20:21 PM io.gapi.emulators.netty.HttpVersionRoutingHandler channelRead
INFO: Detected non-HTTP/2 connection.
 {"metadata":{"emulator":{"name":"firestore"},"message":"Jul 14, 2022 3:20:21 PM io.gapi.emulators.netty.HttpVersionRoutingHandler channelRead\r\nINFO: Detected non-HTTP/2 connection.\r\n"}}
[debug] [2022-07-14T18:20:21.881Z] Jul 14, 2022 3:20:21 PM com.google.cloud.datastore.emulator.firestore.webchannel.FirestoreV1WebChannelAdapter$FirestoreListenHandler onClose
INFO: channel closed
 {"metadata":{"emulator":{"name":"firestore"},"message":"Jul 14, 2022 3:20:21 PM com.google.cloud.datastore.emulator.firestore.webchannel.FirestoreV1WebChannelAdapter$FirestoreListenHandler onClose\r\nINFO: channel closed\r\n"}}
[debug] [2022-07-14T18:20:49.280Z] Jul 14, 2022 3:20:49 PM io.gapi.emulators.netty.HttpVersionRoutingHandler channelRead
INFO: Detected non-HTTP/2 connection.
 {"metadata":{"emulator":{"name":"firestore"},"message":"Jul 14, 2022 3:20:49 PM io.gapi.emulators.netty.HttpVersionRoutingHandler channelRead\r\nINFO: Detected non-HTTP/2 connection.\r\n"}}
[debug] [2022-07-14T18:21:49.617Z] Jul 14, 2022 3:21:49 PM io.gapi.emulators.netty.HttpVersionRoutingHandler channelRead
INFO: Detected non-HTTP/2 connection.
 {"metadata":{"emulator":{"name":"firestore"},"message":"Jul 14, 2022 3:21:49 PM io.gapi.emulators.netty.HttpVersionRoutingHandler channelRead\r\nINFO: Detected non-HTTP/2 connection.\r\n"}}
[debug] [2022-07-14T18:22:49.956Z] Jul 14, 2022 3:22:49 PM io.gapi.emulators.netty.HttpVersionRoutingHandler channelRead
INFO: Detected non-HTTP/2 connection.
 {"metadata":{"emulator":{"name":"firestore"},"message":"Jul 14, 2022 3:22:49 PM io.gapi.emulators.netty.HttpVersionRoutingHandler channelRead\r\nINFO: Detected non-HTTP/2 connection.\r\n"}}
[debug] [2022-07-14T18:23:50.291Z] Jul 14, 2022 3:23:50 PM io.gapi.emulators.netty.HttpVersionRoutingHandler channelRead
INFO: Detected non-HTTP/2 connection.
 {"metadata":{"emulator":{"name":"firestore"},"message":"Jul 14, 2022 3:23:50 PM io.gapi.emulators.netty.HttpVersionRoutingHandler channelRead\r\nINFO: Detected non-HTTP/2 connection.\r\n"}}
[debug] [2022-07-14T18:24:50.627Z] Jul 14, 2022 3:24:50 PM io.gapi.emulators.netty.HttpVersionRoutingHandler channelRead
INFO: Detected non-HTTP/2 connection.
 {"metadata":{"emulator":{"name":"firestore"},"message":"Jul 14, 2022 3:24:50 PM io.gapi.emulators.netty.HttpVersionRoutingHandler channelRead\r\nINFO: Detected non-HTTP/2 connection.\r\n"}}
[debug] [2022-07-14T18:25:50.963Z] Jul 14, 2022 3:25:50 PM io.gapi.emulators.netty.HttpVersionRoutingHandler channelRead
INFO: Detected non-HTTP/2 connection.
 {"metadata":{"emulator":{"name":"firestore"},"message":"Jul 14, 2022 3:25:50 PM io.gapi.emulators.netty.HttpVersionRoutingHandler channelRead\r\nINFO: Detected non-HTTP/2 connection.\r\n"}}
[debug] [2022-07-14T18:26:51.297Z] Jul 14, 2022 3:26:51 PM io.gapi.emulators.netty.HttpVersionRoutingHandler channelRead
INFO: Detected non-HTTP/2 connection.
 {"metadata":{"emulator":{"name":"firestore"},"message":"Jul 14, 2022 3:26:51 PM io.gapi.emulators.netty.HttpVersionRoutingHandler channelRead\r\nINFO: Detected non-HTTP/2 connection.\r\n"}}
[debug] [2022-07-14T18:27:51.623Z] Jul 14, 2022 3:27:51 PM io.gapi.emulators.netty.HttpVersionRoutingHandler channelRead
INFO: Detected non-HTTP/2 connection.
 {"metadata":{"emulator":{"name":"firestore"},"message":"Jul 14, 2022 3:27:51 PM io.gapi.emulators.netty.HttpVersionRoutingHandler channelRead\r\nINFO: Detected non-HTTP/2 connection.\r\n"}}
[debug] [2022-07-14T18:28:51.955Z] Jul 14, 2022 3:28:51 PM io.gapi.emulators.netty.HttpVersionRoutingHandler channelRead
INFO: Detected non-HTTP/2 connection.
 {"metadata":{"emulator":{"name":"firestore"},"message":"Jul 14, 2022 3:28:51 PM io.gapi.emulators.netty.HttpVersionRoutingHandler channelRead\r\nINFO: Detected non-HTTP/2 connection.\r\n"}}
[debug] [2022-07-14T18:29:52.283Z] Jul 14, 2022 3:29:52 PM io.gapi.emulators.netty.HttpVersionRoutingHandler channelRead
INFO: Detected non-HTTP/2 connection.
 {"metadata":{"emulator":{"name":"firestore"},"message":"Jul 14, 2022 3:29:52 PM io.gapi.emulators.netty.HttpVersionRoutingHandler channelRead\r\nINFO: Detected non-HTTP/2 connection.\r\n"}}
[debug] [2022-07-14T18:30:52.617Z] Jul 14, 2022 3:30:52 PM io.gapi.emulators.netty.HttpVersionRoutingHandler channelRead
INFO: Detected non-HTTP/2 connection.
 {"metadata":{"emulator":{"name":"firestore"},"message":"Jul 14, 2022 3:30:52 PM io.gapi.emulators.netty.HttpVersionRoutingHandler channelRead\r\nINFO: Detected non-HTTP/2 connection.\r\n"}}
[debug] [2022-07-14T18:31:52.952Z] Jul 14, 2022 3:31:52 PM io.gapi.emulators.netty.HttpVersionRoutingHandler channelRead
INFO: Detected non-HTTP/2 connection.
 {"metadata":{"emulator":{"name":"firestore"},"message":"Jul 14, 2022 3:31:52 PM io.gapi.emulators.netty.HttpVersionRoutingHandler channelRead\r\nINFO: Detected non-HTTP/2 connection.\r\n"}}
[debug] [2022-07-14T18:32:38.906Z] Jul 14, 2022 3:32:38 PM io.gapi.emulators.netty.HttpVersionRoutingHandler channelRead
INFO: Detected non-HTTP/2 connection.
 {"metadata":{"emulator":{"name":"firestore"},"message":"Jul 14, 2022 3:32:38 PM io.gapi.emulators.netty.HttpVersionRoutingHandler channelRead\r\nINFO: Detected non-HTTP/2 connection.\r\n"}}
[debug] [2022-07-14T18:33:39.244Z] Jul 14, 2022 3:33:39 PM io.gapi.emulators.netty.HttpVersionRoutingHandler channelRead
INFO: Detected non-HTTP/2 connection.
 {"metadata":{"emulator":{"name":"firestore"},"message":"Jul 14, 2022 3:33:39 PM io.gapi.emulators.netty.HttpVersionRoutingHandler channelRead\r\nINFO: Detected non-HTTP/2 connection.\r\n"}}
[debug] [2022-07-14T18:34:39.574Z] Jul 14, 2022 3:34:39 PM io.gapi.emulators.netty.HttpVersionRoutingHandler channelRead
INFO: Detected non-HTTP/2 connection.
 {"metadata":{"emulator":{"name":"firestore"},"message":"Jul 14, 2022 3:34:39 PM io.gapi.emulators.netty.HttpVersionRoutingHandler channelRead\r\nINFO: Detected non-HTTP/2 connection.\r\n"}}
[debug] [2022-07-14T18:35:39.901Z] Jul 14, 2022 3:35:39 PM io.gapi.emulators.netty.HttpVersionRoutingHandler channelRead
INFO: Detected non-HTTP/2 connection.
 {"metadata":{"emulator":{"name":"firestore"},"message":"Jul 14, 2022 3:35:39 PM io.gapi.emulators.netty.HttpVersionRoutingHandler channelRead\r\nINFO: Detected non-HTTP/2 connection.\r\n"}}
